\BOOKMARK [2][-]{section*.1}{\376\377\0005}{}% 1
\BOOKMARK [3][-]{section*.2}{\376\377\000a}{section*.1}% 2
\BOOKMARK [3][-]{section*.3}{\376\377\000b}{section*.1}% 3
\BOOKMARK [3][-]{section*.4}{\376\377\000c}{section*.1}% 4
\BOOKMARK [3][-]{section*.5}{\376\377\000d}{section*.1}% 5
\BOOKMARK [3][-]{section*.6}{\376\377\000e}{section*.1}% 6
\BOOKMARK [3][-]{section*.7}{\376\377\000f}{section*.1}% 7
\BOOKMARK [3][-]{section*.8}{\376\377\000g}{section*.1}% 8
\BOOKMARK [3][-]{section*.9}{\376\377\000h}{section*.1}% 9
\BOOKMARK [3][-]{section*.10}{\376\377\000\050\000i\000\051}{section*.1}% 10
\BOOKMARK [3][-]{section*.11}{\376\377\000\050\000i\000i\000\051}{section*.1}% 11
\BOOKMARK [3][-]{section*.12}{\376\377\000\050\000i\000i\000i\000\051}{section*.1}% 12
\BOOKMARK [3][-]{section*.13}{\376\377\000i}{section*.1}% 13
\BOOKMARK [3][-]{section*.14}{\376\377\000\050\000i\000\051}{section*.1}% 14
\BOOKMARK [3][-]{section*.16}{\376\377\000\050\000i\000i\000i\000\051}{section*.1}% 15
\BOOKMARK [3][-]{section*.17}{\376\377\000j}{section*.1}% 16
\BOOKMARK [3][-]{section*.18}{\376\377\000\050\000i\000\051}{section*.1}% 17
\BOOKMARK [3][-]{section*.19}{\376\377\000\050\000i\000i\000\051}{section*.1}% 18
\BOOKMARK [3][-]{section*.20}{\376\377\000\050\000i\000i\000i\000\051}{section*.1}% 19
\BOOKMARK [3][-]{section*.21}{\376\377\000k}{section*.1}% 20
